d:\users\skoll\onedrive - bournemouth university\work\year 2\3d graphics\triangle\legacy\debug\vc141.pdb
d:\users\skoll\onedrive - bournemouth university\work\year 2\3d graphics\triangle\legacy\debug\vc141.idb
d:\users\skoll\onedrive - bournemouth university\work\year 2\3d graphics\triangle\legacy\debug\camera.obj
d:\users\skoll\onedrive - bournemouth university\work\year 2\3d graphics\triangle\legacy\debug\shader.obj
d:\users\skoll\onedrive - bournemouth university\work\year 2\3d graphics\triangle\legacy\debug\stb_image.obj
d:\users\skoll\onedrive - bournemouth university\work\year 2\3d graphics\triangle\legacy\debug\texture.obj
d:\users\skoll\onedrive - bournemouth university\work\year 2\3d graphics\triangle\legacy\debug\vertexarray.obj
d:\users\skoll\onedrive - bournemouth university\work\year 2\3d graphics\triangle\legacy\debug\vertexbuffer.obj
d:\users\skoll\onedrive - bournemouth university\work\year 2\3d graphics\triangle\legacy\debug\main.obj
d:\users\skoll\onedrive - bournemouth university\work\year 2\3d graphics\triangle\legacy\debug\dynamicobject.obj
d:\users\skoll\onedrive - bournemouth university\work\year 2\3d graphics\triangle\legacy\debug\gameobject.obj
d:\users\skoll\onedrive - bournemouth university\work\year 2\3d graphics\triangle\legacy\debug\kinematicsobject.obj
d:\users\skoll\onedrive - bournemouth university\work\year 2\3d graphics\triangle\legacy\debug\utility.obj
d:\users\skoll\onedrive - bournemouth university\work\year 2\3d graphics\triangle\legacy\debug\triangle.exe
d:\users\skoll\onedrive - bournemouth university\work\year 2\3d graphics\triangle\legacy\debug\triangle.ilk
d:\users\skoll\onedrive - bournemouth university\work\year 2\3d graphics\triangle\legacy\debug\triangle.pdb
d:\users\skoll\onedrive - bournemouth university\work\year 2\3d graphics\triangle\legacy\debug\triangle.tlog\cl.command.1.tlog
d:\users\skoll\onedrive - bournemouth university\work\year 2\3d graphics\triangle\legacy\debug\triangle.tlog\cl.read.1.tlog
d:\users\skoll\onedrive - bournemouth university\work\year 2\3d graphics\triangle\legacy\debug\triangle.tlog\cl.write.1.tlog
d:\users\skoll\onedrive - bournemouth university\work\year 2\3d graphics\triangle\legacy\debug\triangle.tlog\link.command.1.tlog
d:\users\skoll\onedrive - bournemouth university\work\year 2\3d graphics\triangle\legacy\debug\triangle.tlog\link.read.1.tlog
d:\users\skoll\onedrive - bournemouth university\work\year 2\3d graphics\triangle\legacy\debug\triangle.tlog\link.write.1.tlog
