d:\users\skoll\onedrive - bournemouth university\work\year 2\3d graphics\triangle\3d assignment\legacy\release\vc141.pdb
d:\users\skoll\onedrive - bournemouth university\work\year 2\3d graphics\triangle\3d assignment\legacy\release\vertexbuffer.obj
d:\users\skoll\onedrive - bournemouth university\work\year 2\3d graphics\triangle\3d assignment\legacy\release\vertexarray.obj
d:\users\skoll\onedrive - bournemouth university\work\year 2\3d graphics\triangle\3d assignment\legacy\release\utility.obj
d:\users\skoll\onedrive - bournemouth university\work\year 2\3d graphics\triangle\3d assignment\legacy\release\texture.obj
d:\users\skoll\onedrive - bournemouth university\work\year 2\3d graphics\triangle\3d assignment\legacy\release\stb_image.obj
d:\users\skoll\onedrive - bournemouth university\work\year 2\3d graphics\triangle\3d assignment\legacy\release\shader.obj
d:\users\skoll\onedrive - bournemouth university\work\year 2\3d graphics\triangle\3d assignment\legacy\release\scene.obj
d:\users\skoll\onedrive - bournemouth university\work\year 2\3d graphics\triangle\3d assignment\legacy\release\physics.obj
d:\users\skoll\onedrive - bournemouth university\work\year 2\3d graphics\triangle\3d assignment\legacy\release\main.obj
d:\users\skoll\onedrive - bournemouth university\work\year 2\3d graphics\triangle\3d assignment\legacy\release\input.obj
d:\users\skoll\onedrive - bournemouth university\work\year 2\3d graphics\triangle\3d assignment\legacy\release\gameobject.obj
d:\users\skoll\onedrive - bournemouth university\work\year 2\3d graphics\triangle\3d assignment\legacy\release\components.obj
d:\users\skoll\onedrive - bournemouth university\work\year 2\3d graphics\triangle\3d assignment\legacy\release\collision.obj
d:\users\skoll\onedrive - bournemouth university\work\year 2\3d graphics\triangle\3d assignment\legacy\release\camera.obj
d:\users\skoll\onedrive - bournemouth university\work\year 2\3d graphics\triangle\3d assignment\legacy\release\triangle.exe
d:\users\skoll\onedrive - bournemouth university\work\year 2\3d graphics\triangle\3d assignment\legacy\release\triangle.pdb
d:\users\skoll\onedrive - bournemouth university\work\year 2\3d graphics\triangle\3d assignment\legacy\release\triangle.ipdb
d:\users\skoll\onedrive - bournemouth university\work\year 2\3d graphics\triangle\3d assignment\legacy\release\triangle.iobj
d:\users\skoll\onedrive - bournemouth university\work\year 2\3d graphics\triangle\3d assignment\legacy\release\triangle.tlog\cl.command.1.tlog
d:\users\skoll\onedrive - bournemouth university\work\year 2\3d graphics\triangle\3d assignment\legacy\release\triangle.tlog\cl.read.1.tlog
d:\users\skoll\onedrive - bournemouth university\work\year 2\3d graphics\triangle\3d assignment\legacy\release\triangle.tlog\cl.write.1.tlog
d:\users\skoll\onedrive - bournemouth university\work\year 2\3d graphics\triangle\3d assignment\legacy\release\triangle.tlog\link.command.1.tlog
d:\users\skoll\onedrive - bournemouth university\work\year 2\3d graphics\triangle\3d assignment\legacy\release\triangle.tlog\link.read.1.tlog
d:\users\skoll\onedrive - bournemouth university\work\year 2\3d graphics\triangle\3d assignment\legacy\release\triangle.tlog\link.write.1.tlog
d:\users\skoll\onedrive - bournemouth university\work\year 2\3d graphics\triangle\3d assignment\legacy\release\triangle.tlog\triangle.write.1u.tlog
